<?xml version="1.0" encoding="UTF-8"?>
<!-- Generated by org.testng.reporters.JUnitXMLReporter -->
<testsuite hostname="MC0XHP2C" ignored="2" name="Surefire test" tests="2" failures="2" timestamp="29 Jan 2019 11:46:51 GMT" time="28.528" errors="0">
  <testcase name="NewsLetterWrongdata" time="0.0" classname="test.selenium.demo.test.selenium.demo.TestSeleniumCase1">
    <failure type="org.testng.TestNGException" message="
Parameter &amp;apos;memail&amp;apos; is required by @Test on method NewsLetterWrongdata but has not been marked @Optional or defined
">
      <![CDATA[org.testng.TestNGException: 
Parameter 'memail' is required by @Test on method NewsLetterWrongdata but has not been marked @Optional or defined

... Removed 27 stack frames]]>
    </failure>
  </testcase> <!-- NewsLetterWrongdata -->
  <testcase name="NewsLetterCorrectData" time="0.0" classname="test.selenium.demo.test.selenium.demo.TestSeleniumCase2">
    <failure type="org.testng.TestNGException" message="
Parameter &amp;apos;memail&amp;apos; is required by @Test on method NewsLetterCorrectData but has not been marked @Optional or defined
">
      <![CDATA[org.testng.TestNGException: 
Parameter 'memail' is required by @Test on method NewsLetterCorrectData but has not been marked @Optional or defined

... Removed 27 stack frames]]>
    </failure>
  </testcase> <!-- NewsLetterCorrectData -->
  <testcase name="@BeforeTest OpenBrowser" time="0.0" classname="TestFactory.FactoryClass">
    <ignored/>
  </testcase> <!-- @BeforeTest OpenBrowser -->
  <testcase name="@BeforeTest navigateURL" time="0.0" classname="TestFactory.FactoryClass">
    <ignored/>
  </testcase> <!-- @BeforeTest navigateURL -->
</testsuite> <!-- Surefire test -->
